{"/Users/tony/Code/xeger/locatorium/src/main.tsx": {"path":"/Users/tony/Code/xeger/locatorium/src/main.tsx","statementMap":{"0":{"start":{"line":10,"column":15},"end":{"line":25,"column":null}},"1":{"start":{"line":27,"column":0},"end":{"line":31,"column":null}}},"fnMap":{},"branchMap":{},"s":{"0":0,"1":0},"f":{},"b":{}}
,"/Users/tony/Code/xeger/locatorium/src/routes/__root.tsx": {"path":"/Users/tony/Code/xeger/locatorium/src/routes/__root.tsx","statementMap":{"0":{"start":{"line":4,"column":2},"end":{"line":7,"column":null}}},"fnMap":{"0":{"name":"Root","decl":{"start":{"line":3,"column":16},"end":{"line":3,"column":23}},"loc":{"start":{"line":3,"column":23},"end":{"line":9,"column":null}}}},"branchMap":{},"s":{"0":0},"f":{"0":0},"b":{}}
,"/Users/tony/Code/xeger/locatorium/src/routes/chaining.tsx": {"path":"/Users/tony/Code/xeger/locatorium/src/routes/chaining.tsx","statementMap":{"0":{"start":{"line":2,"column":2},"end":{"line":21,"column":null}}},"fnMap":{"0":{"name":"ChainingPage","decl":{"start":{"line":1,"column":16},"end":{"line":1,"column":31}},"loc":{"start":{"line":1,"column":31},"end":{"line":23,"column":null}}}},"branchMap":{},"s":{"0":2},"f":{"0":2},"b":{}}
,"/Users/tony/Code/xeger/locatorium/src/routes/index.tsx": {"path":"/Users/tony/Code/xeger/locatorium/src/routes/index.tsx","statementMap":{"0":{"start":{"line":2,"column":2},"end":{"line":5,"column":null}}},"fnMap":{"0":{"name":"HomePage","decl":{"start":{"line":1,"column":16},"end":{"line":1,"column":27}},"loc":{"start":{"line":1,"column":27},"end":{"line":7,"column":null}}}},"branchMap":{},"s":{"0":0},"f":{"0":0},"b":{}}
}
